4/8/2019 1:54:00 PM, Info: Initializing SIMPLSharp Services...
4/8/2019 1:54:00 PM, Info: ProjectInfo successfully initialized.
4/8/2019 2:01:32 PM, Info: Validating assembly C:\Users\gschellhas\Desktop\sources\ListTest\RoomListv2\RoomListv2\bin\Debug\RoomListv2.dll...
4/8/2019 2:01:32 PM, Info: Verifying assembly C:\Users\gschellhas\Desktop\sources\ListTest\RoomListv2\RoomListv2\bin\Debug\RoomListv2.dll
4/8/2019 2:01:33 PM, Info: Creating Archive C:\Users\gschellhas\Desktop\sources\ListTest\RoomListv2\RoomListv2\bin\Debug\RoomListv2.cpz...
4/8/2019 2:01:33 PM, Info: Saving project information...
4/8/2019 2:02:05 PM, Info: Validating assembly C:\Users\gschellhas\Desktop\sources\ListTest\RoomListv2\RoomListv2\bin\Debug\RoomListv2.dll...
4/8/2019 2:02:05 PM, Info: Verifying assembly C:\Users\gschellhas\Desktop\sources\ListTest\RoomListv2\RoomListv2\bin\Debug\RoomListv2.dll
4/8/2019 2:02:05 PM, Info: Creating Archive C:\Users\gschellhas\Desktop\sources\ListTest\RoomListv2\RoomListv2\bin\Debug\RoomListv2.cpz...
4/8/2019 2:02:05 PM, Info: Saving project information...
4/8/2019 2:12:32 PM, Info: Validating assembly C:\Users\gschellhas\Desktop\sources\ListTest\RoomListv2\RoomListv2\bin\Debug\RoomListv2.dll...
4/8/2019 2:12:32 PM, Info: Verifying assembly C:\Users\gschellhas\Desktop\sources\ListTest\RoomListv2\RoomListv2\bin\Debug\RoomListv2.dll
4/8/2019 2:12:32 PM, Info: Creating Archive C:\Users\gschellhas\Desktop\sources\ListTest\RoomListv2\RoomListv2\bin\Debug\RoomListv2.cpz...
4/8/2019 2:12:32 PM, Exception: The process cannot access the file 'C:\Users\gschellhas\Desktop\sources\ListTest\RoomListv2\RoomListv2\bin\Debug\RoomListv2.cpz' because it is being used by another process.
   at System.IO.__Error.WinIOError(Int32 errorCode, String maybeFullPath)
   at System.IO.File.Delete(String path)
   at Crestron.Tools.SIMPLSharp.Services.Utilities.Zipper.Zip(String zipFileName, Folder folderToZip)
   at i.a(String A_0, IList`1 A_1, String A_2)
4/8/2019 2:13:51 PM, Info: Saving project information...
4/8/2019 2:13:51 PM, Info: Saving project information...
4/8/2019 2:13:51 PM, Info: Saving project information...
4/8/2019 2:13:57 PM, Info: Saving project information...
4/8/2019 2:13:57 PM, Info: Saving project information...
4/8/2019 2:13:57 PM, Info: Saving project information...
4/8/2019 2:13:57 PM, Info: Saving project information...
4/8/2019 2:13:57 PM, Info: Saving project information...
4/8/2019 2:13:57 PM, Info: Saving project information...
4/8/2019 2:13:58 PM, Info: Validating assembly C:\Users\gschellhas\Desktop\sources\ListTest\RoomListv2\RoomListv2\bin\Debug\RoomListv2.dll...
4/8/2019 2:13:59 PM, Info: Verifying assembly C:\Users\gschellhas\Desktop\sources\ListTest\RoomListv2\RoomListv2\bin\Debug\RoomListv2.dll
4/8/2019 2:13:59 PM, Info: Creating Archive C:\Users\gschellhas\Desktop\sources\ListTest\RoomListv2\RoomListv2\bin\Debug\RoomListv2.cpz...
4/8/2019 2:13:59 PM, Info: Saving project information...
4/8/2019 2:14:05 PM, Info: Validating assembly C:\Users\gschellhas\Desktop\sources\ListTest\RoomListv2\RoomListv2\bin\Debug\RoomListv2.dll...
4/8/2019 2:14:05 PM, Info: Verifying assembly C:\Users\gschellhas\Desktop\sources\ListTest\RoomListv2\RoomListv2\bin\Debug\RoomListv2.dll
4/8/2019 2:14:06 PM, Info: Creating Archive C:\Users\gschellhas\Desktop\sources\ListTest\RoomListv2\RoomListv2\bin\Debug\RoomListv2.cpz...
4/8/2019 2:14:06 PM, Info: Saving project information...
4/8/2019 2:24:04 PM, Info: Validating assembly C:\Users\gschellhas\Desktop\sources\ListTest\RoomListv2\RoomListv2\bin\Debug\RoomListv2.dll...
4/8/2019 2:24:04 PM, Info: Verifying assembly C:\Users\gschellhas\Desktop\sources\ListTest\RoomListv2\RoomListv2\bin\Debug\RoomListv2.dll
4/8/2019 2:24:04 PM, Info: Creating Archive C:\Users\gschellhas\Desktop\sources\ListTest\RoomListv2\RoomListv2\bin\Debug\RoomListv2.cpz...
4/8/2019 2:24:04 PM, Exception: The process cannot access the file 'C:\Users\gschellhas\Desktop\sources\ListTest\RoomListv2\RoomListv2\bin\Debug\RoomListv2.cpz' because it is being used by another process.
   at System.IO.__Error.WinIOError(Int32 errorCode, String maybeFullPath)
   at System.IO.File.Delete(String path)
   at Crestron.Tools.SIMPLSharp.Services.Utilities.Zipper.Zip(String zipFileName, Folder folderToZip)
   at i.a(String A_0, IList`1 A_1, String A_2)
