4/15/2019 12:48:10 PM, Info: Initializing SIMPLSharp Services...
4/15/2019 12:48:10 PM, Info: ProjectInfo successfully initialized.
4/15/2019 12:51:04 PM, Info: Saving project information...
4/15/2019 12:51:04 PM, Info: Saving project information...
4/15/2019 12:51:04 PM, Info: Saving project information...
4/15/2019 12:51:04 PM, Info: Saving project information...
4/15/2019 12:51:04 PM, Info: Saving project information...
4/15/2019 12:51:04 PM, Info: Saving project information...
4/15/2019 12:51:06 PM, Info: Validating assembly C:\Users\gschellhas\Desktop\sources\ListTest\RoomListv2\RoomListv2\bin\Debug\RoomListv2.dll...
4/15/2019 12:51:07 PM, Info: Verifying assembly C:\Users\gschellhas\Desktop\sources\ListTest\RoomListv2\RoomListv2\bin\Debug\RoomListv2.dll
4/15/2019 12:51:07 PM, Info: Creating Archive C:\Users\gschellhas\Desktop\sources\ListTest\RoomListv2\RoomListv2\bin\Debug\RoomListv2.cpz...
4/15/2019 12:51:07 PM, Info: Saving project information...
4/15/2019 12:58:06 PM, Info: Saving project information...
4/15/2019 12:58:06 PM, Info: Saving project information...
4/15/2019 12:58:06 PM, Info: Saving project information...
4/15/2019 1:03:06 PM, Info: Saving project information...
4/15/2019 1:03:06 PM, Info: Saving project information...
4/15/2019 1:03:06 PM, Info: Saving project information...
4/15/2019 1:08:06 PM, Info: Saving project information...
4/15/2019 1:08:06 PM, Info: Saving project information...
4/15/2019 1:08:06 PM, Info: Saving project information...
4/15/2019 1:13:06 PM, Info: Saving project information...
4/15/2019 1:13:06 PM, Info: Saving project information...
4/15/2019 1:13:06 PM, Info: Saving project information...
4/15/2019 1:18:06 PM, Info: Saving project information...
4/15/2019 1:18:06 PM, Info: Saving project information...
4/15/2019 1:18:06 PM, Info: Saving project information...
4/15/2019 1:23:06 PM, Info: Saving project information...
4/15/2019 1:23:06 PM, Info: Saving project information...
4/15/2019 1:23:06 PM, Info: Saving project information...
4/15/2019 1:28:06 PM, Info: Saving project information...
4/15/2019 1:28:06 PM, Info: Saving project information...
4/15/2019 1:28:06 PM, Info: Saving project information...
4/15/2019 1:33:06 PM, Info: Saving project information...
4/15/2019 1:33:06 PM, Info: Saving project information...
4/15/2019 1:33:06 PM, Info: Saving project information...
4/15/2019 1:38:06 PM, Info: Saving project information...
4/15/2019 1:38:06 PM, Info: Saving project information...
4/15/2019 1:38:06 PM, Info: Saving project information...
4/15/2019 1:43:06 PM, Info: Saving project information...
4/15/2019 1:43:06 PM, Info: Saving project information...
4/15/2019 1:43:06 PM, Info: Saving project information...
4/15/2019 1:48:06 PM, Info: Saving project information...
4/15/2019 1:48:06 PM, Info: Saving project information...
4/15/2019 1:48:06 PM, Info: Saving project information...
4/15/2019 1:53:06 PM, Info: Saving project information...
4/15/2019 1:53:06 PM, Info: Saving project information...
4/15/2019 1:53:06 PM, Info: Saving project information...
4/15/2019 1:58:06 PM, Info: Saving project information...
4/15/2019 1:58:06 PM, Info: Saving project information...
4/15/2019 1:58:06 PM, Info: Saving project information...
4/15/2019 2:03:06 PM, Info: Saving project information...
4/15/2019 2:03:06 PM, Info: Saving project information...
4/15/2019 2:03:06 PM, Info: Saving project information...
4/15/2019 2:08:06 PM, Info: Saving project information...
4/15/2019 2:08:06 PM, Info: Saving project information...
4/15/2019 2:08:06 PM, Info: Saving project information...
4/15/2019 2:13:06 PM, Info: Saving project information...
4/15/2019 2:13:06 PM, Info: Saving project information...
4/15/2019 2:13:06 PM, Info: Saving project information...
4/15/2019 2:18:06 PM, Info: Saving project information...
4/15/2019 2:18:06 PM, Info: Saving project information...
4/15/2019 2:18:06 PM, Info: Saving project information...
4/15/2019 2:23:06 PM, Info: Saving project information...
4/15/2019 2:23:06 PM, Info: Saving project information...
4/15/2019 2:23:06 PM, Info: Saving project information...
4/15/2019 2:28:06 PM, Info: Saving project information...
4/15/2019 2:28:06 PM, Info: Saving project information...
4/15/2019 2:28:06 PM, Info: Saving project information...
4/15/2019 2:33:06 PM, Info: Saving project information...
4/15/2019 2:33:06 PM, Info: Saving project information...
4/15/2019 2:33:06 PM, Info: Saving project information...
4/15/2019 2:38:06 PM, Info: Saving project information...
4/15/2019 2:38:06 PM, Info: Saving project information...
4/15/2019 2:38:06 PM, Info: Saving project information...
4/15/2019 2:43:06 PM, Info: Saving project information...
4/15/2019 2:43:06 PM, Info: Saving project information...
4/15/2019 2:43:06 PM, Info: Saving project information...
4/15/2019 2:48:06 PM, Info: Saving project information...
4/15/2019 2:48:06 PM, Info: Saving project information...
4/15/2019 2:48:06 PM, Info: Saving project information...
4/15/2019 2:53:06 PM, Info: Saving project information...
4/15/2019 2:53:06 PM, Info: Saving project information...
4/15/2019 2:53:06 PM, Info: Saving project information...
4/15/2019 2:58:06 PM, Info: Saving project information...
4/15/2019 2:58:06 PM, Info: Saving project information...
4/15/2019 2:58:06 PM, Info: Saving project information...
4/15/2019 3:03:06 PM, Info: Saving project information...
4/15/2019 3:03:06 PM, Info: Saving project information...
4/15/2019 3:03:06 PM, Info: Saving project information...
4/15/2019 3:08:06 PM, Info: Saving project information...
4/15/2019 3:08:06 PM, Info: Saving project information...
4/15/2019 3:08:06 PM, Info: Saving project information...
4/15/2019 3:13:06 PM, Info: Saving project information...
4/15/2019 3:13:06 PM, Info: Saving project information...
4/15/2019 3:13:06 PM, Info: Saving project information...
4/15/2019 3:18:06 PM, Info: Saving project information...
4/15/2019 3:18:06 PM, Info: Saving project information...
4/15/2019 3:18:06 PM, Info: Saving project information...
4/15/2019 3:23:06 PM, Info: Saving project information...
4/15/2019 3:23:06 PM, Info: Saving project information...
4/15/2019 3:23:06 PM, Info: Saving project information...
4/15/2019 3:28:06 PM, Info: Saving project information...
4/15/2019 3:28:06 PM, Info: Saving project information...
4/15/2019 3:28:06 PM, Info: Saving project information...
4/15/2019 3:33:06 PM, Info: Saving project information...
4/15/2019 3:33:06 PM, Info: Saving project information...
4/15/2019 3:33:06 PM, Info: Saving project information...
4/15/2019 3:38:06 PM, Info: Saving project information...
4/15/2019 3:38:06 PM, Info: Saving project information...
4/15/2019 3:38:06 PM, Info: Saving project information...
4/15/2019 3:43:06 PM, Info: Saving project information...
4/15/2019 3:43:06 PM, Info: Saving project information...
4/15/2019 3:43:06 PM, Info: Saving project information...
4/15/2019 3:48:06 PM, Info: Saving project information...
4/15/2019 3:48:06 PM, Info: Saving project information...
4/15/2019 3:48:06 PM, Info: Saving project information...
4/15/2019 3:53:06 PM, Info: Saving project information...
4/15/2019 3:53:06 PM, Info: Saving project information...
4/15/2019 3:53:06 PM, Info: Saving project information...
4/15/2019 3:58:06 PM, Info: Saving project information...
4/15/2019 3:58:06 PM, Info: Saving project information...
4/15/2019 3:58:06 PM, Info: Saving project information...
4/15/2019 4:03:06 PM, Info: Saving project information...
4/15/2019 4:03:06 PM, Info: Saving project information...
4/15/2019 4:03:06 PM, Info: Saving project information...
4/15/2019 4:08:06 PM, Info: Saving project information...
4/15/2019 4:08:06 PM, Info: Saving project information...
4/15/2019 4:08:06 PM, Info: Saving project information...
4/15/2019 4:13:06 PM, Info: Saving project information...
4/15/2019 4:13:06 PM, Info: Saving project information...
4/15/2019 4:13:06 PM, Info: Saving project information...
4/15/2019 4:18:06 PM, Info: Saving project information...
4/15/2019 4:18:06 PM, Info: Saving project information...
4/15/2019 4:18:06 PM, Info: Saving project information...
4/15/2019 4:23:06 PM, Info: Saving project information...
4/15/2019 4:23:06 PM, Info: Saving project information...
4/15/2019 4:23:06 PM, Info: Saving project information...
4/15/2019 4:28:06 PM, Info: Saving project information...
4/15/2019 4:28:06 PM, Info: Saving project information...
4/15/2019 4:28:06 PM, Info: Saving project information...
4/15/2019 4:33:06 PM, Info: Saving project information...
4/15/2019 4:33:06 PM, Info: Saving project information...
4/15/2019 4:33:06 PM, Info: Saving project information...
4/15/2019 4:38:06 PM, Info: Saving project information...
4/15/2019 4:38:06 PM, Info: Saving project information...
4/15/2019 4:38:06 PM, Info: Saving project information...
4/15/2019 4:43:06 PM, Info: Saving project information...
4/15/2019 4:43:06 PM, Info: Saving project information...
4/15/2019 4:43:06 PM, Info: Saving project information...
4/15/2019 4:48:06 PM, Info: Saving project information...
4/15/2019 4:48:06 PM, Info: Saving project information...
4/15/2019 4:48:06 PM, Info: Saving project information...
4/15/2019 4:53:06 PM, Info: Saving project information...
4/15/2019 4:53:06 PM, Info: Saving project information...
4/15/2019 4:53:06 PM, Info: Saving project information...
4/15/2019 4:58:06 PM, Info: Saving project information...
4/15/2019 4:58:06 PM, Info: Saving project information...
4/15/2019 4:58:06 PM, Info: Saving project information...
4/15/2019 5:03:06 PM, Info: Saving project information...
4/15/2019 5:03:06 PM, Info: Saving project information...
4/15/2019 5:03:06 PM, Info: Saving project information...
4/15/2019 5:08:06 PM, Info: Saving project information...
4/15/2019 5:08:06 PM, Info: Saving project information...
4/15/2019 5:08:06 PM, Info: Saving project information...
4/15/2019 5:13:06 PM, Info: Saving project information...
4/15/2019 5:13:06 PM, Info: Saving project information...
4/15/2019 5:13:06 PM, Info: Saving project information...
4/15/2019 5:18:06 PM, Info: Saving project information...
4/15/2019 5:18:06 PM, Info: Saving project information...
4/15/2019 5:18:06 PM, Info: Saving project information...
4/15/2019 5:23:06 PM, Info: Saving project information...
4/15/2019 5:23:06 PM, Info: Saving project information...
4/15/2019 5:23:06 PM, Info: Saving project information...
4/15/2019 5:28:06 PM, Info: Saving project information...
4/15/2019 5:28:06 PM, Info: Saving project information...
4/15/2019 5:28:06 PM, Info: Saving project information...
4/15/2019 5:33:06 PM, Info: Saving project information...
4/15/2019 5:33:06 PM, Info: Saving project information...
4/15/2019 5:33:06 PM, Info: Saving project information...
4/15/2019 5:38:06 PM, Info: Saving project information...
4/15/2019 5:38:06 PM, Info: Saving project information...
4/15/2019 5:38:06 PM, Info: Saving project information...
4/15/2019 5:43:06 PM, Info: Saving project information...
4/15/2019 5:43:06 PM, Info: Saving project information...
4/15/2019 5:43:06 PM, Info: Saving project information...
4/15/2019 5:48:06 PM, Info: Saving project information...
4/15/2019 5:48:06 PM, Info: Saving project information...
4/15/2019 5:48:06 PM, Info: Saving project information...
4/15/2019 5:53:06 PM, Info: Saving project information...
4/15/2019 5:53:06 PM, Info: Saving project information...
4/15/2019 5:53:06 PM, Info: Saving project information...
4/15/2019 5:58:06 PM, Info: Saving project information...
4/15/2019 5:58:06 PM, Info: Saving project information...
4/15/2019 5:58:06 PM, Info: Saving project information...
4/15/2019 6:03:06 PM, Info: Saving project information...
4/15/2019 6:03:06 PM, Info: Saving project information...
4/15/2019 6:03:06 PM, Info: Saving project information...
4/15/2019 6:08:06 PM, Info: Saving project information...
4/15/2019 6:08:06 PM, Info: Saving project information...
4/15/2019 6:08:06 PM, Info: Saving project information...
4/15/2019 6:13:06 PM, Info: Saving project information...
4/15/2019 6:13:06 PM, Info: Saving project information...
4/15/2019 6:13:06 PM, Info: Saving project information...
4/15/2019 6:18:06 PM, Info: Saving project information...
4/15/2019 6:18:06 PM, Info: Saving project information...
4/15/2019 6:18:06 PM, Info: Saving project information...
4/15/2019 6:23:06 PM, Info: Saving project information...
4/15/2019 6:23:06 PM, Info: Saving project information...
4/15/2019 6:23:06 PM, Info: Saving project information...
4/15/2019 6:28:06 PM, Info: Saving project information...
4/15/2019 6:28:06 PM, Info: Saving project information...
4/15/2019 6:28:06 PM, Info: Saving project information...
4/15/2019 6:33:06 PM, Info: Saving project information...
4/15/2019 6:33:06 PM, Info: Saving project information...
4/15/2019 6:33:06 PM, Info: Saving project information...
4/15/2019 6:38:06 PM, Info: Saving project information...
4/15/2019 6:38:06 PM, Info: Saving project information...
4/15/2019 6:38:06 PM, Info: Saving project information...
4/15/2019 6:43:06 PM, Info: Saving project information...
4/15/2019 6:43:06 PM, Info: Saving project information...
4/15/2019 6:43:06 PM, Info: Saving project information...
4/15/2019 6:48:06 PM, Info: Saving project information...
4/15/2019 6:48:06 PM, Info: Saving project information...
4/15/2019 6:48:06 PM, Info: Saving project information...
4/15/2019 6:53:06 PM, Info: Saving project information...
4/15/2019 6:53:06 PM, Info: Saving project information...
4/15/2019 6:53:06 PM, Info: Saving project information...
4/15/2019 6:58:06 PM, Info: Saving project information...
4/15/2019 6:58:06 PM, Info: Saving project information...
4/15/2019 6:58:06 PM, Info: Saving project information...
4/15/2019 7:03:06 PM, Info: Saving project information...
4/15/2019 7:03:06 PM, Info: Saving project information...
4/15/2019 7:03:06 PM, Info: Saving project information...
4/15/2019 7:08:06 PM, Info: Saving project information...
4/15/2019 7:08:06 PM, Info: Saving project information...
4/15/2019 7:08:06 PM, Info: Saving project information...
4/15/2019 7:13:06 PM, Info: Saving project information...
4/15/2019 7:13:06 PM, Info: Saving project information...
4/15/2019 7:13:06 PM, Info: Saving project information...
4/15/2019 7:18:06 PM, Info: Saving project information...
4/15/2019 7:18:06 PM, Info: Saving project information...
4/15/2019 7:18:06 PM, Info: Saving project information...
4/15/2019 7:23:06 PM, Info: Saving project information...
4/15/2019 7:23:06 PM, Info: Saving project information...
4/15/2019 7:23:06 PM, Info: Saving project information...
4/15/2019 7:28:06 PM, Info: Saving project information...
4/15/2019 7:28:06 PM, Info: Saving project information...
4/15/2019 7:28:06 PM, Info: Saving project information...
4/15/2019 7:33:06 PM, Info: Saving project information...
4/15/2019 7:33:06 PM, Info: Saving project information...
4/15/2019 7:33:06 PM, Info: Saving project information...
4/15/2019 7:38:06 PM, Info: Saving project information...
4/15/2019 7:38:06 PM, Info: Saving project information...
4/15/2019 7:38:06 PM, Info: Saving project information...
4/15/2019 7:43:06 PM, Info: Saving project information...
4/15/2019 7:43:06 PM, Info: Saving project information...
4/15/2019 7:43:06 PM, Info: Saving project information...
4/15/2019 7:48:06 PM, Info: Saving project information...
4/15/2019 7:48:06 PM, Info: Saving project information...
4/15/2019 7:48:06 PM, Info: Saving project information...
4/15/2019 7:53:06 PM, Info: Saving project information...
4/15/2019 7:53:06 PM, Info: Saving project information...
4/15/2019 7:53:06 PM, Info: Saving project information...
4/15/2019 7:58:06 PM, Info: Saving project information...
4/15/2019 7:58:06 PM, Info: Saving project information...
4/15/2019 7:58:06 PM, Info: Saving project information...
4/15/2019 8:03:06 PM, Info: Saving project information...
4/15/2019 8:03:06 PM, Info: Saving project information...
4/15/2019 8:03:06 PM, Info: Saving project information...
4/15/2019 8:08:06 PM, Info: Saving project information...
4/15/2019 8:08:06 PM, Info: Saving project information...
4/15/2019 8:08:06 PM, Info: Saving project information...
4/15/2019 8:13:06 PM, Info: Saving project information...
