4/16/2019 9:28:26 AM, Info: Initializing SIMPLSharp Services...
4/16/2019 9:28:26 AM, Info: ProjectInfo successfully initialized.
4/16/2019 9:36:13 AM, Info: Validating assembly C:\Users\gschellhas\Desktop\sources\ListTest\RoomListv2\RoomListv2\bin\Debug\RoomListv2.dll...
4/16/2019 9:36:14 AM, Info: Verifying assembly C:\Users\gschellhas\Desktop\sources\ListTest\RoomListv2\RoomListv2\bin\Debug\RoomListv2.dll
4/16/2019 9:36:14 AM, Info: Creating Archive C:\Users\gschellhas\Desktop\sources\ListTest\RoomListv2\RoomListv2\bin\Debug\RoomListv2.cpz...
4/16/2019 9:36:14 AM, Info: Saving project information...
4/16/2019 10:09:02 AM, Info: Validating assembly C:\Users\gschellhas\Desktop\sources\ListTest\RoomListv2\RoomListv2\bin\Debug\RoomListv2.dll...
4/16/2019 10:09:02 AM, Info: Verifying assembly C:\Users\gschellhas\Desktop\sources\ListTest\RoomListv2\RoomListv2\bin\Debug\RoomListv2.dll
4/16/2019 10:09:02 AM, Info: Creating Archive C:\Users\gschellhas\Desktop\sources\ListTest\RoomListv2\RoomListv2\bin\Debug\RoomListv2.cpz...
4/16/2019 10:09:02 AM, Info: Saving project information...
4/16/2019 10:17:10 AM, Info: Validating assembly C:\Users\gschellhas\Desktop\sources\ListTest\RoomListv2\RoomListv2\bin\Debug\RoomListv2.dll...
4/16/2019 10:17:10 AM, Info: Verifying assembly C:\Users\gschellhas\Desktop\sources\ListTest\RoomListv2\RoomListv2\bin\Debug\RoomListv2.dll
4/16/2019 10:17:10 AM, Info: Creating Archive C:\Users\gschellhas\Desktop\sources\ListTest\RoomListv2\RoomListv2\bin\Debug\RoomListv2.cpz...
4/16/2019 10:17:11 AM, Info: Saving project information...
4/16/2019 10:32:43 AM, Info: Validating assembly C:\Users\gschellhas\Desktop\sources\ListTest\RoomListv2\RoomListv2\bin\Debug\RoomListv2.dll...
4/16/2019 10:32:43 AM, Info: Verifying assembly C:\Users\gschellhas\Desktop\sources\ListTest\RoomListv2\RoomListv2\bin\Debug\RoomListv2.dll
4/16/2019 10:32:43 AM, Info: Creating Archive C:\Users\gschellhas\Desktop\sources\ListTest\RoomListv2\RoomListv2\bin\Debug\RoomListv2.cpz...
4/16/2019 10:32:43 AM, Info: Saving project information...
4/16/2019 10:36:30 AM, Info: Validating assembly C:\Users\gschellhas\Desktop\sources\ListTest\RoomListv2\RoomListv2\bin\Debug\RoomListv2.dll...
4/16/2019 10:36:30 AM, Info: Verifying assembly C:\Users\gschellhas\Desktop\sources\ListTest\RoomListv2\RoomListv2\bin\Debug\RoomListv2.dll
4/16/2019 10:36:30 AM, Info: Creating Archive C:\Users\gschellhas\Desktop\sources\ListTest\RoomListv2\RoomListv2\bin\Debug\RoomListv2.cpz...
4/16/2019 10:36:30 AM, Info: Saving project information...
4/16/2019 10:41:32 AM, Info: Validating assembly C:\Users\gschellhas\Desktop\sources\ListTest\RoomListv2\RoomListv2\bin\Debug\RoomListv2.dll...
4/16/2019 10:41:33 AM, Info: Verifying assembly C:\Users\gschellhas\Desktop\sources\ListTest\RoomListv2\RoomListv2\bin\Debug\RoomListv2.dll
4/16/2019 10:41:33 AM, Info: Creating Archive C:\Users\gschellhas\Desktop\sources\ListTest\RoomListv2\RoomListv2\bin\Debug\RoomListv2.cpz...
4/16/2019 10:41:33 AM, Info: Saving project information...
4/16/2019 10:49:52 AM, Info: Validating assembly C:\Users\gschellhas\Desktop\sources\ListTest\RoomListv2\RoomListv2\bin\Debug\RoomListv2.dll...
4/16/2019 10:49:52 AM, Info: Verifying assembly C:\Users\gschellhas\Desktop\sources\ListTest\RoomListv2\RoomListv2\bin\Debug\RoomListv2.dll
4/16/2019 10:49:53 AM, Info: Creating Archive C:\Users\gschellhas\Desktop\sources\ListTest\RoomListv2\RoomListv2\bin\Debug\RoomListv2.cpz...
4/16/2019 10:49:53 AM, Info: Saving project information...
4/16/2019 10:51:08 AM, Info: Validating assembly C:\Users\gschellhas\Desktop\sources\ListTest\RoomListv2\RoomListv2\bin\Debug\RoomListv2.dll...
4/16/2019 10:51:08 AM, Info: Verifying assembly C:\Users\gschellhas\Desktop\sources\ListTest\RoomListv2\RoomListv2\bin\Debug\RoomListv2.dll
4/16/2019 10:51:08 AM, Info: Creating Archive C:\Users\gschellhas\Desktop\sources\ListTest\RoomListv2\RoomListv2\bin\Debug\RoomListv2.cpz...
4/16/2019 10:51:08 AM, Info: Saving project information...
4/16/2019 10:56:43 AM, Info: Validating assembly C:\Users\gschellhas\Desktop\sources\ListTest\RoomListv2\RoomListv2\bin\Debug\RoomListv2.dll...
4/16/2019 10:56:43 AM, Info: Verifying assembly C:\Users\gschellhas\Desktop\sources\ListTest\RoomListv2\RoomListv2\bin\Debug\RoomListv2.dll
4/16/2019 10:56:43 AM, Info: Creating Archive C:\Users\gschellhas\Desktop\sources\ListTest\RoomListv2\RoomListv2\bin\Debug\RoomListv2.cpz...
4/16/2019 10:56:44 AM, Info: Saving project information...
4/16/2019 11:01:27 AM, Info: Validating assembly C:\Users\gschellhas\Desktop\sources\ListTest\RoomListv2\RoomListv2\bin\Debug\RoomListv2.dll...
4/16/2019 11:01:27 AM, Info: Verifying assembly C:\Users\gschellhas\Desktop\sources\ListTest\RoomListv2\RoomListv2\bin\Debug\RoomListv2.dll
4/16/2019 11:01:28 AM, Info: Creating Archive C:\Users\gschellhas\Desktop\sources\ListTest\RoomListv2\RoomListv2\bin\Debug\RoomListv2.cpz...
4/16/2019 11:01:28 AM, Info: Saving project information...
4/16/2019 11:04:16 AM, Info: Validating assembly C:\Users\gschellhas\Desktop\sources\ListTest\RoomListv2\RoomListv2\bin\Debug\RoomListv2.dll...
4/16/2019 11:04:16 AM, Info: Verifying assembly C:\Users\gschellhas\Desktop\sources\ListTest\RoomListv2\RoomListv2\bin\Debug\RoomListv2.dll
4/16/2019 11:04:16 AM, Info: Creating Archive C:\Users\gschellhas\Desktop\sources\ListTest\RoomListv2\RoomListv2\bin\Debug\RoomListv2.cpz...
4/16/2019 11:04:16 AM, Info: Saving project information...
4/16/2019 11:14:56 AM, Info: Validating assembly C:\Users\gschellhas\Desktop\sources\ListTest\RoomListv2\RoomListv2\bin\Debug\RoomListv2.dll...
4/16/2019 11:14:56 AM, Info: Verifying assembly C:\Users\gschellhas\Desktop\sources\ListTest\RoomListv2\RoomListv2\bin\Debug\RoomListv2.dll
4/16/2019 11:14:56 AM, Info: Creating Archive C:\Users\gschellhas\Desktop\sources\ListTest\RoomListv2\RoomListv2\bin\Debug\RoomListv2.cpz...
4/16/2019 11:14:57 AM, Info: Saving project information...
4/16/2019 11:21:35 AM, Info: Validating assembly C:\Users\gschellhas\Desktop\sources\ListTest\RoomListv2\RoomListv2\bin\Debug\RoomListv2.dll...
4/16/2019 11:21:36 AM, Info: Verifying assembly C:\Users\gschellhas\Desktop\sources\ListTest\RoomListv2\RoomListv2\bin\Debug\RoomListv2.dll
4/16/2019 11:21:36 AM, Info: Creating Archive C:\Users\gschellhas\Desktop\sources\ListTest\RoomListv2\RoomListv2\bin\Debug\RoomListv2.cpz...
4/16/2019 11:21:36 AM, Info: Saving project information...
4/16/2019 11:23:17 AM, Info: Validating assembly C:\Users\gschellhas\Desktop\sources\ListTest\RoomListv2\RoomListv2\bin\Debug\RoomListv2.dll...
4/16/2019 11:23:17 AM, Info: Verifying assembly C:\Users\gschellhas\Desktop\sources\ListTest\RoomListv2\RoomListv2\bin\Debug\RoomListv2.dll
4/16/2019 11:23:17 AM, Info: Creating Archive C:\Users\gschellhas\Desktop\sources\ListTest\RoomListv2\RoomListv2\bin\Debug\RoomListv2.cpz...
4/16/2019 11:23:17 AM, Info: Saving project information...
4/16/2019 11:26:00 AM, Info: Validating assembly C:\Users\gschellhas\Desktop\sources\ListTest\RoomListv2\RoomListv2\bin\Debug\RoomListv2.dll...
4/16/2019 11:26:00 AM, Info: Verifying assembly C:\Users\gschellhas\Desktop\sources\ListTest\RoomListv2\RoomListv2\bin\Debug\RoomListv2.dll
4/16/2019 11:26:01 AM, Info: Creating Archive C:\Users\gschellhas\Desktop\sources\ListTest\RoomListv2\RoomListv2\bin\Debug\RoomListv2.cpz...
4/16/2019 11:26:01 AM, Info: Saving project information...
4/16/2019 11:31:09 AM, Info: Validating assembly C:\Users\gschellhas\Desktop\sources\ListTest\RoomListv2\RoomListv2\bin\Debug\RoomListv2.dll...
4/16/2019 11:31:09 AM, Info: Verifying assembly C:\Users\gschellhas\Desktop\sources\ListTest\RoomListv2\RoomListv2\bin\Debug\RoomListv2.dll
4/16/2019 11:31:09 AM, Info: Creating Archive C:\Users\gschellhas\Desktop\sources\ListTest\RoomListv2\RoomListv2\bin\Debug\RoomListv2.cpz...
4/16/2019 11:31:10 AM, Info: Saving project information...
4/16/2019 12:01:26 PM, Info: Validating assembly C:\Users\gschellhas\Desktop\sources\ListTest\RoomListv2\RoomListv2\bin\Debug\RoomListv2.dll...
4/16/2019 12:01:26 PM, Info: Verifying assembly C:\Users\gschellhas\Desktop\sources\ListTest\RoomListv2\RoomListv2\bin\Debug\RoomListv2.dll
4/16/2019 12:01:27 PM, Info: Creating Archive C:\Users\gschellhas\Desktop\sources\ListTest\RoomListv2\RoomListv2\bin\Debug\RoomListv2.cpz...
4/16/2019 12:01:27 PM, Info: Saving project information...
4/16/2019 12:15:37 PM, Info: Validating assembly C:\Users\gschellhas\Desktop\sources\ListTest\RoomListv2\RoomListv2\bin\Debug\RoomListv2.dll...
4/16/2019 12:15:37 PM, Info: Verifying assembly C:\Users\gschellhas\Desktop\sources\ListTest\RoomListv2\RoomListv2\bin\Debug\RoomListv2.dll
4/16/2019 12:15:37 PM, Info: Creating Archive C:\Users\gschellhas\Desktop\sources\ListTest\RoomListv2\RoomListv2\bin\Debug\RoomListv2.cpz...
4/16/2019 12:15:38 PM, Info: Saving project information...
4/16/2019 12:26:51 PM, Info: Validating assembly C:\Users\gschellhas\Desktop\sources\ListTest\RoomListv2\RoomListv2\bin\Debug\RoomListv2.dll...
4/16/2019 12:26:51 PM, Info: Verifying assembly C:\Users\gschellhas\Desktop\sources\ListTest\RoomListv2\RoomListv2\bin\Debug\RoomListv2.dll
4/16/2019 12:26:51 PM, Info: Creating Archive C:\Users\gschellhas\Desktop\sources\ListTest\RoomListv2\RoomListv2\bin\Debug\RoomListv2.cpz...
4/16/2019 12:26:52 PM, Info: Saving project information...
4/16/2019 12:33:57 PM, Info: Validating assembly C:\Users\gschellhas\Desktop\sources\ListTest\RoomListv2\RoomListv2\bin\Debug\RoomListv2.dll...
4/16/2019 12:33:58 PM, Info: Verifying assembly C:\Users\gschellhas\Desktop\sources\ListTest\RoomListv2\RoomListv2\bin\Debug\RoomListv2.dll
4/16/2019 12:33:58 PM, Info: Creating Archive C:\Users\gschellhas\Desktop\sources\ListTest\RoomListv2\RoomListv2\bin\Debug\RoomListv2.cpz...
4/16/2019 12:33:58 PM, Info: Saving project information...
4/16/2019 12:45:57 PM, Info: Validating assembly C:\Users\gschellhas\Desktop\sources\ListTest\RoomListv2\RoomListv2\bin\Debug\RoomListv2.dll...
4/16/2019 12:45:58 PM, Info: Verifying assembly C:\Users\gschellhas\Desktop\sources\ListTest\RoomListv2\RoomListv2\bin\Debug\RoomListv2.dll
4/16/2019 12:45:58 PM, Info: Creating Archive C:\Users\gschellhas\Desktop\sources\ListTest\RoomListv2\RoomListv2\bin\Debug\RoomListv2.cpz...
4/16/2019 12:45:58 PM, Info: Saving project information...
4/16/2019 12:50:36 PM, Info: Validating assembly C:\Users\gschellhas\Desktop\sources\ListTest\RoomListv2\RoomListv2\bin\Debug\RoomListv2.dll...
4/16/2019 12:50:37 PM, Info: Verifying assembly C:\Users\gschellhas\Desktop\sources\ListTest\RoomListv2\RoomListv2\bin\Debug\RoomListv2.dll
4/16/2019 12:50:37 PM, Info: Creating Archive C:\Users\gschellhas\Desktop\sources\ListTest\RoomListv2\RoomListv2\bin\Debug\RoomListv2.cpz...
4/16/2019 12:50:37 PM, Info: Saving project information...
4/16/2019 1:23:00 PM, Info: Validating assembly C:\Users\gschellhas\Desktop\sources\ListTest\RoomListv2\RoomListv2\bin\Debug\RoomListv2.dll...
4/16/2019 1:23:01 PM, Info: Verifying assembly C:\Users\gschellhas\Desktop\sources\ListTest\RoomListv2\RoomListv2\bin\Debug\RoomListv2.dll
4/16/2019 1:23:01 PM, Info: Creating Archive C:\Users\gschellhas\Desktop\sources\ListTest\RoomListv2\RoomListv2\bin\Debug\RoomListv2.cpz...
4/16/2019 1:23:01 PM, Info: Saving project information...
4/16/2019 1:36:54 PM, Info: Validating assembly C:\Users\gschellhas\Desktop\sources\ListTest\RoomListv2\RoomListv2\bin\Debug\RoomListv2.dll...
4/16/2019 1:36:54 PM, Info: Verifying assembly C:\Users\gschellhas\Desktop\sources\ListTest\RoomListv2\RoomListv2\bin\Debug\RoomListv2.dll
4/16/2019 1:36:55 PM, Info: Creating Archive C:\Users\gschellhas\Desktop\sources\ListTest\RoomListv2\RoomListv2\bin\Debug\RoomListv2.cpz...
4/16/2019 1:36:55 PM, Info: Saving project information...
4/16/2019 1:37:00 PM, Info: Validating assembly C:\Users\gschellhas\Desktop\sources\ListTest\RoomListv2\RoomListv2\bin\Debug\RoomListv2.dll...
4/16/2019 1:37:00 PM, Info: Verifying assembly C:\Users\gschellhas\Desktop\sources\ListTest\RoomListv2\RoomListv2\bin\Debug\RoomListv2.dll
4/16/2019 1:37:00 PM, Info: Creating Archive C:\Users\gschellhas\Desktop\sources\ListTest\RoomListv2\RoomListv2\bin\Debug\RoomListv2.cpz...
4/16/2019 1:37:01 PM, Info: Saving project information...
4/16/2019 1:54:57 PM, Info: Validating assembly C:\Users\gschellhas\Desktop\sources\ListTest\RoomListv2\RoomListv2\bin\Debug\RoomListv2.dll...
4/16/2019 1:54:57 PM, Info: Verifying assembly C:\Users\gschellhas\Desktop\sources\ListTest\RoomListv2\RoomListv2\bin\Debug\RoomListv2.dll
4/16/2019 1:54:57 PM, Info: Creating Archive C:\Users\gschellhas\Desktop\sources\ListTest\RoomListv2\RoomListv2\bin\Debug\RoomListv2.cpz...
4/16/2019 1:54:57 PM, Info: Saving project information...
4/16/2019 2:06:17 PM, Info: Validating assembly C:\Users\gschellhas\Desktop\sources\ListTest\RoomListv2\RoomListv2\bin\Debug\RoomListv2.dll...
4/16/2019 2:06:17 PM, Info: Verifying assembly C:\Users\gschellhas\Desktop\sources\ListTest\RoomListv2\RoomListv2\bin\Debug\RoomListv2.dll
4/16/2019 2:06:18 PM, Info: Creating Archive C:\Users\gschellhas\Desktop\sources\ListTest\RoomListv2\RoomListv2\bin\Debug\RoomListv2.cpz...
4/16/2019 2:06:18 PM, Info: Saving project information...
4/16/2019 2:19:44 PM, Info: Validating assembly C:\Users\gschellhas\Desktop\sources\ListTest\RoomListv2\RoomListv2\bin\Debug\RoomListv2.dll...
4/16/2019 2:19:44 PM, Info: Verifying assembly C:\Users\gschellhas\Desktop\sources\ListTest\RoomListv2\RoomListv2\bin\Debug\RoomListv2.dll
4/16/2019 2:19:44 PM, Info: Creating Archive C:\Users\gschellhas\Desktop\sources\ListTest\RoomListv2\RoomListv2\bin\Debug\RoomListv2.cpz...
4/16/2019 2:19:45 PM, Info: Saving project information...
4/16/2019 2:20:36 PM, Info: Validating assembly C:\Users\gschellhas\Desktop\sources\ListTest\RoomListv2\RoomListv2\bin\Debug\RoomListv2.dll...
4/16/2019 2:20:36 PM, Info: Verifying assembly C:\Users\gschellhas\Desktop\sources\ListTest\RoomListv2\RoomListv2\bin\Debug\RoomListv2.dll
4/16/2019 2:20:36 PM, Info: Creating Archive C:\Users\gschellhas\Desktop\sources\ListTest\RoomListv2\RoomListv2\bin\Debug\RoomListv2.cpz...
4/16/2019 2:20:36 PM, Info: Saving project information...
4/16/2019 2:34:37 PM, Info: Validating assembly C:\Users\gschellhas\Desktop\sources\ListTest\RoomListv2\RoomListv2\bin\Debug\RoomListv2.dll...
4/16/2019 2:34:37 PM, Info: Verifying assembly C:\Users\gschellhas\Desktop\sources\ListTest\RoomListv2\RoomListv2\bin\Debug\RoomListv2.dll
4/16/2019 2:34:37 PM, Info: Creating Archive C:\Users\gschellhas\Desktop\sources\ListTest\RoomListv2\RoomListv2\bin\Debug\RoomListv2.cpz...
4/16/2019 2:34:38 PM, Info: Saving project information...
4/16/2019 2:43:58 PM, Info: Validating assembly C:\Users\gschellhas\Desktop\sources\ListTest\RoomListv2\RoomListv2\bin\Debug\RoomListv2.dll...
4/16/2019 2:43:59 PM, Info: Verifying assembly C:\Users\gschellhas\Desktop\sources\ListTest\RoomListv2\RoomListv2\bin\Debug\RoomListv2.dll
4/16/2019 2:43:59 PM, Info: Creating Archive C:\Users\gschellhas\Desktop\sources\ListTest\RoomListv2\RoomListv2\bin\Debug\RoomListv2.cpz...
4/16/2019 2:43:59 PM, Info: Saving project information...
4/16/2019 3:22:34 PM, Info: Validating assembly C:\Users\gschellhas\Desktop\sources\ListTest\RoomListv2\RoomListv2\bin\Debug\RoomListv2.dll...
4/16/2019 3:22:34 PM, Info: Verifying assembly C:\Users\gschellhas\Desktop\sources\ListTest\RoomListv2\RoomListv2\bin\Debug\RoomListv2.dll
4/16/2019 3:22:34 PM, Info: Creating Archive C:\Users\gschellhas\Desktop\sources\ListTest\RoomListv2\RoomListv2\bin\Debug\RoomListv2.cpz...
4/16/2019 3:22:35 PM, Info: Saving project information...
4/16/2019 3:29:45 PM, Info: Validating assembly C:\Users\gschellhas\Desktop\sources\ListTest\RoomListv2\RoomListv2\bin\Debug\RoomListv2.dll...
4/16/2019 3:29:45 PM, Info: Verifying assembly C:\Users\gschellhas\Desktop\sources\ListTest\RoomListv2\RoomListv2\bin\Debug\RoomListv2.dll
4/16/2019 3:29:45 PM, Info: Creating Archive C:\Users\gschellhas\Desktop\sources\ListTest\RoomListv2\RoomListv2\bin\Debug\RoomListv2.cpz...
4/16/2019 3:29:45 PM, Info: Saving project information...
4/16/2019 4:33:14 PM, Info: Validating assembly C:\Users\gschellhas\Desktop\sources\ListTest\RoomListv2\RoomListv2\bin\Debug\RoomListv2.dll...
4/16/2019 4:33:15 PM, Info: Verifying assembly C:\Users\gschellhas\Desktop\sources\ListTest\RoomListv2\RoomListv2\bin\Debug\RoomListv2.dll
4/16/2019 4:33:15 PM, Info: Creating Archive C:\Users\gschellhas\Desktop\sources\ListTest\RoomListv2\RoomListv2\bin\Debug\RoomListv2.cpz...
4/16/2019 4:33:15 PM, Info: Saving project information...
4/16/2019 4:39:31 PM, Info: Validating assembly C:\Users\gschellhas\Desktop\sources\ListTest\RoomListv2\RoomListv2\bin\Debug\RoomListv2.dll...
4/16/2019 4:39:31 PM, Info: Verifying assembly C:\Users\gschellhas\Desktop\sources\ListTest\RoomListv2\RoomListv2\bin\Debug\RoomListv2.dll
4/16/2019 4:39:31 PM, Info: Creating Archive C:\Users\gschellhas\Desktop\sources\ListTest\RoomListv2\RoomListv2\bin\Debug\RoomListv2.cpz...
4/16/2019 4:39:32 PM, Info: Saving project information...
4/16/2019 4:51:17 PM, Info: Validating assembly C:\Users\gschellhas\Desktop\sources\ListTest\RoomListv2\RoomListv2\bin\Debug\RoomListv2.dll...
4/16/2019 4:51:17 PM, Info: Verifying assembly C:\Users\gschellhas\Desktop\sources\ListTest\RoomListv2\RoomListv2\bin\Debug\RoomListv2.dll
4/16/2019 4:51:17 PM, Info: Creating Archive C:\Users\gschellhas\Desktop\sources\ListTest\RoomListv2\RoomListv2\bin\Debug\RoomListv2.cpz...
4/16/2019 4:51:17 PM, Info: Saving project information...
4/16/2019 5:09:11 PM, Info: Terminating SIMPLSharp Services
