4/15/2019 10:48:45 PM, Info: Initializing SIMPLSharp Services...
4/15/2019 10:48:45 PM, Info: ProjectInfo successfully initialized.
4/15/2019 10:49:21 PM, Info: Saving project information...
4/15/2019 10:49:21 PM, Info: Saving project information...
4/15/2019 10:49:21 PM, Info: Saving project information...
4/15/2019 10:49:21 PM, Info: Saving project information...
4/15/2019 10:49:21 PM, Info: Saving project information...
4/15/2019 10:49:21 PM, Info: Saving project information...
4/15/2019 10:49:24 PM, Info: Validating assembly C:\Users\gschellhas\Desktop\sources\ListTest\RoomListv2\RoomListv2\bin\Debug\RoomListv2.dll...
4/15/2019 10:49:24 PM, Info: Verifying assembly C:\Users\gschellhas\Desktop\sources\ListTest\RoomListv2\RoomListv2\bin\Debug\RoomListv2.dll
4/15/2019 10:49:25 PM, Info: Creating Archive C:\Users\gschellhas\Desktop\sources\ListTest\RoomListv2\RoomListv2\bin\Debug\RoomListv2.cpz...
4/15/2019 10:49:25 PM, Info: Saving project information...
4/15/2019 10:59:41 PM, Info: Validating assembly C:\Users\gschellhas\Desktop\sources\ListTest\RoomListv2\RoomListv2\bin\Debug\RoomListv2.dll...
4/15/2019 10:59:41 PM, Info: Verifying assembly C:\Users\gschellhas\Desktop\sources\ListTest\RoomListv2\RoomListv2\bin\Debug\RoomListv2.dll
4/15/2019 10:59:41 PM, Info: Creating Archive C:\Users\gschellhas\Desktop\sources\ListTest\RoomListv2\RoomListv2\bin\Debug\RoomListv2.cpz...
4/15/2019 10:59:42 PM, Info: Saving project information...
4/15/2019 11:10:07 PM, Info: Validating assembly C:\Users\gschellhas\Desktop\sources\ListTest\RoomListv2\RoomListv2\bin\Debug\RoomListv2.dll...
4/15/2019 11:10:07 PM, Info: Verifying assembly C:\Users\gschellhas\Desktop\sources\ListTest\RoomListv2\RoomListv2\bin\Debug\RoomListv2.dll
4/15/2019 11:10:07 PM, Info: Creating Archive C:\Users\gschellhas\Desktop\sources\ListTest\RoomListv2\RoomListv2\bin\Debug\RoomListv2.cpz...
4/15/2019 11:10:07 PM, Info: Saving project information...
4/15/2019 11:13:02 PM, Info: Validating assembly C:\Users\gschellhas\Desktop\sources\ListTest\RoomListv2\RoomListv2\bin\Debug\RoomListv2.dll...
4/15/2019 11:13:02 PM, Info: Verifying assembly C:\Users\gschellhas\Desktop\sources\ListTest\RoomListv2\RoomListv2\bin\Debug\RoomListv2.dll
4/15/2019 11:13:02 PM, Info: Creating Archive C:\Users\gschellhas\Desktop\sources\ListTest\RoomListv2\RoomListv2\bin\Debug\RoomListv2.cpz...
4/15/2019 11:13:03 PM, Info: Saving project information...
4/15/2019 11:25:07 PM, Info: Validating assembly C:\Users\gschellhas\Desktop\sources\ListTest\RoomListv2\RoomListv2\bin\Debug\RoomListv2.dll...
4/15/2019 11:25:07 PM, Info: Verifying assembly C:\Users\gschellhas\Desktop\sources\ListTest\RoomListv2\RoomListv2\bin\Debug\RoomListv2.dll
4/15/2019 11:25:07 PM, Info: Creating Archive C:\Users\gschellhas\Desktop\sources\ListTest\RoomListv2\RoomListv2\bin\Debug\RoomListv2.cpz...
4/15/2019 11:25:07 PM, Info: Saving project information...
4/15/2019 11:35:23 PM, Info: Validating assembly C:\Users\gschellhas\Desktop\sources\ListTest\RoomListv2\RoomListv2\bin\Debug\RoomListv2.dll...
4/15/2019 11:35:23 PM, Info: Verifying assembly C:\Users\gschellhas\Desktop\sources\ListTest\RoomListv2\RoomListv2\bin\Debug\RoomListv2.dll
4/15/2019 11:35:24 PM, Info: Creating Archive C:\Users\gschellhas\Desktop\sources\ListTest\RoomListv2\RoomListv2\bin\Debug\RoomListv2.cpz...
4/15/2019 11:35:24 PM, Info: Saving project information...
4/16/2019 12:16:17 AM, Info: Validating assembly C:\Users\gschellhas\Desktop\sources\ListTest\RoomListv2\RoomListv2\bin\Debug\RoomListv2.dll...
4/16/2019 12:16:17 AM, Info: Verifying assembly C:\Users\gschellhas\Desktop\sources\ListTest\RoomListv2\RoomListv2\bin\Debug\RoomListv2.dll
4/16/2019 12:16:17 AM, Info: Creating Archive C:\Users\gschellhas\Desktop\sources\ListTest\RoomListv2\RoomListv2\bin\Debug\RoomListv2.cpz...
4/16/2019 12:16:18 AM, Info: Saving project information...
4/16/2019 12:33:55 AM, Info: Validating assembly C:\Users\gschellhas\Desktop\sources\ListTest\RoomListv2\RoomListv2\bin\Debug\RoomListv2.dll...
4/16/2019 12:33:56 AM, Info: Verifying assembly C:\Users\gschellhas\Desktop\sources\ListTest\RoomListv2\RoomListv2\bin\Debug\RoomListv2.dll
4/16/2019 12:33:56 AM, Info: Creating Archive C:\Users\gschellhas\Desktop\sources\ListTest\RoomListv2\RoomListv2\bin\Debug\RoomListv2.cpz...
4/16/2019 12:33:56 AM, Info: Saving project information...
4/16/2019 12:36:54 AM, Info: Validating assembly C:\Users\gschellhas\Desktop\sources\ListTest\RoomListv2\RoomListv2\bin\Debug\RoomListv2.dll...
4/16/2019 12:36:54 AM, Info: Verifying assembly C:\Users\gschellhas\Desktop\sources\ListTest\RoomListv2\RoomListv2\bin\Debug\RoomListv2.dll
4/16/2019 12:36:55 AM, Info: Creating Archive C:\Users\gschellhas\Desktop\sources\ListTest\RoomListv2\RoomListv2\bin\Debug\RoomListv2.cpz...
4/16/2019 12:36:55 AM, Info: Saving project information...
4/16/2019 12:37:09 AM, Info: Validating assembly C:\Users\gschellhas\Desktop\sources\ListTest\RoomListv2\RoomListv2\bin\Debug\RoomListv2.dll...
4/16/2019 12:37:09 AM, Info: Verifying assembly C:\Users\gschellhas\Desktop\sources\ListTest\RoomListv2\RoomListv2\bin\Debug\RoomListv2.dll
4/16/2019 12:37:09 AM, Info: Creating Archive C:\Users\gschellhas\Desktop\sources\ListTest\RoomListv2\RoomListv2\bin\Debug\RoomListv2.cpz...
4/16/2019 12:37:10 AM, Info: Saving project information...
4/16/2019 12:42:24 AM, Info: Terminating SIMPLSharp Services
