4/12/2019 6:05:12 PM, Info: Initializing SIMPLSharp Services...
4/12/2019 6:05:12 PM, Info: ProjectInfo successfully initialized.
4/12/2019 6:05:30 PM, Info: Saving project information...
4/12/2019 6:05:30 PM, Info: Saving project information...
4/12/2019 6:05:30 PM, Info: Saving project information...
4/12/2019 6:05:30 PM, Info: Saving project information...
4/12/2019 6:05:30 PM, Info: Saving project information...
4/12/2019 6:05:30 PM, Info: Saving project information...
4/12/2019 6:05:33 PM, Info: Validating assembly C:\Users\gschellhas\Desktop\sources\ListTest\RoomListv2\RoomListv2\bin\Debug\RoomListv2.dll...
4/12/2019 6:05:33 PM, Info: Verifying assembly C:\Users\gschellhas\Desktop\sources\ListTest\RoomListv2\RoomListv2\bin\Debug\RoomListv2.dll
4/12/2019 6:05:33 PM, Info: Creating Archive C:\Users\gschellhas\Desktop\sources\ListTest\RoomListv2\RoomListv2\bin\Debug\RoomListv2.cpz...
4/12/2019 6:05:34 PM, Info: Saving project information...
4/12/2019 6:12:42 PM, Info: Validating assembly C:\Users\gschellhas\Desktop\sources\ListTest\RoomListv2\RoomListv2\bin\Debug\RoomListv2.dll...
4/12/2019 6:12:42 PM, Info: Verifying assembly C:\Users\gschellhas\Desktop\sources\ListTest\RoomListv2\RoomListv2\bin\Debug\RoomListv2.dll
4/12/2019 6:12:43 PM, Info: Creating Archive C:\Users\gschellhas\Desktop\sources\ListTest\RoomListv2\RoomListv2\bin\Debug\RoomListv2.cpz...
4/12/2019 6:12:43 PM, Info: Saving project information...
4/12/2019 6:33:52 PM, Info: Validating assembly C:\Users\gschellhas\Desktop\sources\ListTest\RoomListv2\RoomListv2\bin\Debug\RoomListv2.dll...
4/12/2019 6:33:52 PM, Info: Verifying assembly C:\Users\gschellhas\Desktop\sources\ListTest\RoomListv2\RoomListv2\bin\Debug\RoomListv2.dll
4/12/2019 6:33:52 PM, Info: Creating Archive C:\Users\gschellhas\Desktop\sources\ListTest\RoomListv2\RoomListv2\bin\Debug\RoomListv2.cpz...
4/12/2019 6:33:52 PM, Info: Saving project information...
4/12/2019 7:05:56 PM, Info: Validating assembly C:\Users\gschellhas\Desktop\sources\ListTest\RoomListv2\RoomListv2\bin\Debug\RoomListv2.dll...
4/12/2019 7:05:56 PM, Info: Verifying assembly C:\Users\gschellhas\Desktop\sources\ListTest\RoomListv2\RoomListv2\bin\Debug\RoomListv2.dll
4/12/2019 7:05:56 PM, Info: Creating Archive C:\Users\gschellhas\Desktop\sources\ListTest\RoomListv2\RoomListv2\bin\Debug\RoomListv2.cpz...
4/12/2019 7:05:56 PM, Info: Saving project information...
4/12/2019 7:20:54 PM, Info: Validating assembly C:\Users\gschellhas\Desktop\sources\ListTest\RoomListv2\RoomListv2\bin\Debug\RoomListv2.dll...
4/12/2019 7:20:54 PM, Info: Verifying assembly C:\Users\gschellhas\Desktop\sources\ListTest\RoomListv2\RoomListv2\bin\Debug\RoomListv2.dll
4/12/2019 7:20:54 PM, Info: Creating Archive C:\Users\gschellhas\Desktop\sources\ListTest\RoomListv2\RoomListv2\bin\Debug\RoomListv2.cpz...
4/12/2019 7:20:55 PM, Info: Saving project information...
4/12/2019 7:27:28 PM, Info: Validating assembly C:\Users\gschellhas\Desktop\sources\ListTest\RoomListv2\RoomListv2\bin\Debug\RoomListv2.dll...
4/12/2019 7:27:28 PM, Info: Verifying assembly C:\Users\gschellhas\Desktop\sources\ListTest\RoomListv2\RoomListv2\bin\Debug\RoomListv2.dll
4/12/2019 7:27:29 PM, Info: Creating Archive C:\Users\gschellhas\Desktop\sources\ListTest\RoomListv2\RoomListv2\bin\Debug\RoomListv2.cpz...
4/12/2019 7:27:29 PM, Info: Saving project information...
4/12/2019 7:32:02 PM, Info: Validating assembly C:\Users\gschellhas\Desktop\sources\ListTest\RoomListv2\RoomListv2\bin\Debug\RoomListv2.dll...
4/12/2019 7:32:03 PM, Info: Verifying assembly C:\Users\gschellhas\Desktop\sources\ListTest\RoomListv2\RoomListv2\bin\Debug\RoomListv2.dll
4/12/2019 7:32:03 PM, Info: Creating Archive C:\Users\gschellhas\Desktop\sources\ListTest\RoomListv2\RoomListv2\bin\Debug\RoomListv2.cpz...
4/12/2019 7:32:03 PM, Info: Saving project information...
4/12/2019 7:37:05 PM, Info: Terminating SIMPLSharp Services
