4/10/2019 5:05:45 PM, Info: Initializing SIMPLSharp Services...
4/10/2019 5:05:45 PM, Info: ProjectInfo successfully initialized.
4/10/2019 5:10:40 PM, Info: Saving project information...
4/10/2019 5:10:40 PM, Info: Saving project information...
4/10/2019 5:10:40 PM, Info: Saving project information...
4/10/2019 5:15:40 PM, Info: Saving project information...
4/10/2019 5:15:40 PM, Info: Saving project information...
4/10/2019 5:15:40 PM, Info: Saving project information...
4/10/2019 5:20:40 PM, Info: Saving project information...
4/10/2019 5:20:40 PM, Info: Saving project information...
4/10/2019 5:20:40 PM, Info: Saving project information...
4/10/2019 5:24:09 PM, Info: Saving project information...
4/10/2019 5:24:09 PM, Info: Saving project information...
4/10/2019 5:24:09 PM, Info: Saving project information...
4/10/2019 5:24:09 PM, Info: Saving project information...
4/10/2019 5:24:09 PM, Info: Saving project information...
4/10/2019 5:24:09 PM, Info: Saving project information...
4/10/2019 5:24:12 PM, Info: Validating assembly C:\Users\gschellhas\Desktop\sources\ListTest\RoomListv2\RoomListv2\bin\Debug\RoomListv2.dll...
4/10/2019 5:24:13 PM, Info: Verifying assembly C:\Users\gschellhas\Desktop\sources\ListTest\RoomListv2\RoomListv2\bin\Debug\RoomListv2.dll
4/10/2019 5:24:13 PM, Info: Creating Archive C:\Users\gschellhas\Desktop\sources\ListTest\RoomListv2\RoomListv2\bin\Debug\RoomListv2.cpz...
4/10/2019 5:24:13 PM, Info: Saving project information...
4/10/2019 5:55:30 PM, Info: Validating assembly C:\Users\gschellhas\Desktop\sources\ListTest\RoomListv2\RoomListv2\bin\Debug\RoomListv2.dll...
4/10/2019 5:55:31 PM, Info: Verifying assembly C:\Users\gschellhas\Desktop\sources\ListTest\RoomListv2\RoomListv2\bin\Debug\RoomListv2.dll
4/10/2019 5:55:31 PM, Info: Creating Archive C:\Users\gschellhas\Desktop\sources\ListTest\RoomListv2\RoomListv2\bin\Debug\RoomListv2.cpz...
4/10/2019 5:55:31 PM, Info: Saving project information...
4/10/2019 5:59:06 PM, Info: Validating assembly C:\Users\gschellhas\Desktop\sources\ListTest\RoomListv2\RoomListv2\bin\Debug\RoomListv2.dll...
4/10/2019 5:59:06 PM, Info: Verifying assembly C:\Users\gschellhas\Desktop\sources\ListTest\RoomListv2\RoomListv2\bin\Debug\RoomListv2.dll
4/10/2019 5:59:06 PM, Info: Creating Archive C:\Users\gschellhas\Desktop\sources\ListTest\RoomListv2\RoomListv2\bin\Debug\RoomListv2.cpz...
4/10/2019 5:59:07 PM, Info: Saving project information...
4/10/2019 6:05:15 PM, Info: Validating assembly C:\Users\gschellhas\Desktop\sources\ListTest\RoomListv2\RoomListv2\bin\Debug\RoomListv2.dll...
4/10/2019 6:05:15 PM, Info: Verifying assembly C:\Users\gschellhas\Desktop\sources\ListTest\RoomListv2\RoomListv2\bin\Debug\RoomListv2.dll
4/10/2019 6:05:15 PM, Info: Creating Archive C:\Users\gschellhas\Desktop\sources\ListTest\RoomListv2\RoomListv2\bin\Debug\RoomListv2.cpz...
4/10/2019 6:05:16 PM, Info: Saving project information...
4/10/2019 6:16:21 PM, Info: Terminating SIMPLSharp Services
