4/16/2019 7:08:46 PM, Info: Initializing SIMPLSharp Services...
4/16/2019 7:08:46 PM, Info: ProjectInfo successfully initialized.
4/16/2019 7:15:12 PM, Info: Validating assembly C:\Users\gschellhas\Desktop\sources\ListTest\RoomListv2\RoomListv2\bin\Debug\RoomListv2.dll...
4/16/2019 7:15:13 PM, Info: Verifying assembly C:\Users\gschellhas\Desktop\sources\ListTest\RoomListv2\RoomListv2\bin\Debug\RoomListv2.dll
4/16/2019 7:15:14 PM, Info: Creating Archive C:\Users\gschellhas\Desktop\sources\ListTest\RoomListv2\RoomListv2\bin\Debug\RoomListv2.cpz...
4/16/2019 7:15:14 PM, Info: Saving project information...
4/16/2019 8:03:18 PM, Info: Validating assembly C:\Users\gschellhas\Desktop\sources\ListTest\RoomListv2\RoomListv2\bin\Debug\RoomListv2.dll...
4/16/2019 8:03:18 PM, Info: Verifying assembly C:\Users\gschellhas\Desktop\sources\ListTest\RoomListv2\RoomListv2\bin\Debug\RoomListv2.dll
4/16/2019 8:03:18 PM, Info: Creating Archive C:\Users\gschellhas\Desktop\sources\ListTest\RoomListv2\RoomListv2\bin\Debug\RoomListv2.cpz...
4/16/2019 8:03:19 PM, Info: Saving project information...
4/16/2019 9:05:56 PM, Info: Validating assembly C:\Users\gschellhas\Desktop\sources\ListTest\RoomListv2\RoomListv2\bin\Debug\RoomListv2.dll...
4/16/2019 9:05:57 PM, Info: Verifying assembly C:\Users\gschellhas\Desktop\sources\ListTest\RoomListv2\RoomListv2\bin\Debug\RoomListv2.dll
4/16/2019 9:05:57 PM, Info: Creating Archive C:\Users\gschellhas\Desktop\sources\ListTest\RoomListv2\RoomListv2\bin\Debug\RoomListv2.cpz...
4/16/2019 9:05:57 PM, Info: Saving project information...
4/16/2019 10:47:26 PM, Info: Validating assembly C:\Users\gschellhas\Desktop\sources\ListTest\RoomListv2\RoomListv2\bin\Debug\RoomListv2.dll...
4/16/2019 10:47:27 PM, Info: Verifying assembly C:\Users\gschellhas\Desktop\sources\ListTest\RoomListv2\RoomListv2\bin\Debug\RoomListv2.dll
4/16/2019 10:47:27 PM, Info: Creating Archive C:\Users\gschellhas\Desktop\sources\ListTest\RoomListv2\RoomListv2\bin\Debug\RoomListv2.cpz...
4/16/2019 10:47:27 PM, Info: Saving project information...
4/17/2019 12:10:38 AM, Info: Validating assembly C:\Users\gschellhas\Desktop\sources\ListTest\RoomListv2\RoomListv2\bin\Debug\RoomListv2.dll...
4/17/2019 12:10:38 AM, Info: Verifying assembly C:\Users\gschellhas\Desktop\sources\ListTest\RoomListv2\RoomListv2\bin\Debug\RoomListv2.dll
4/17/2019 12:10:38 AM, Info: Creating Archive C:\Users\gschellhas\Desktop\sources\ListTest\RoomListv2\RoomListv2\bin\Debug\RoomListv2.cpz...
4/17/2019 12:10:38 AM, Info: Saving project information...
4/17/2019 12:11:57 AM, Info: Terminating SIMPLSharp Services
