4/7/2019 7:28:25 AM, Info: Initializing SIMPLSharp Services...
4/7/2019 7:28:25 AM, Info: ProjectInfo successfully initialized.
4/7/2019 7:28:26 AM, Info: Saving project information...
4/7/2019 7:28:26 AM, Info: Saving project information...
4/7/2019 7:28:26 AM, Info: Saving project information...
4/7/2019 7:28:26 AM, Info: Saving project information...
4/7/2019 7:28:26 AM, Info: Saving project information...
4/7/2019 7:28:26 AM, Info: Saving project information...
4/7/2019 7:32:36 AM, Info: Saving project information...
4/7/2019 7:32:36 AM, Info: Saving project information...
4/7/2019 7:32:36 AM, Info: Saving project information...
4/7/2019 7:37:36 AM, Info: Saving project information...
4/7/2019 7:37:36 AM, Info: Saving project information...
4/7/2019 7:37:36 AM, Info: Saving project information...
4/7/2019 7:42:36 AM, Info: Saving project information...
4/7/2019 7:42:36 AM, Info: Saving project information...
4/7/2019 7:42:36 AM, Info: Saving project information...
4/7/2019 7:47:36 AM, Info: Saving project information...
4/7/2019 7:47:36 AM, Info: Saving project information...
4/7/2019 7:47:36 AM, Info: Saving project information...
4/7/2019 7:52:36 AM, Info: Saving project information...
4/7/2019 7:52:36 AM, Info: Saving project information...
4/7/2019 7:52:36 AM, Info: Saving project information...
4/7/2019 7:57:36 AM, Info: Saving project information...
4/7/2019 7:57:36 AM, Info: Saving project information...
4/7/2019 7:57:36 AM, Info: Saving project information...
4/7/2019 8:02:36 AM, Info: Saving project information...
4/7/2019 8:02:36 AM, Info: Saving project information...
4/7/2019 8:02:36 AM, Info: Saving project information...
4/7/2019 8:05:55 AM, Info: Saving project information...
4/7/2019 8:05:55 AM, Info: Saving project information...
4/7/2019 8:05:55 AM, Info: Saving project information...
4/7/2019 8:05:55 AM, Info: Saving project information...
4/7/2019 8:05:55 AM, Info: Saving project information...
4/7/2019 8:05:55 AM, Info: Saving project information...
4/7/2019 8:11:13 AM, Info: Validating assembly C:\Users\gschellhas\Desktop\sources\ListTest\RoomListv2\RoomListv2\bin\Debug\RoomListv2.dll...
4/7/2019 8:11:14 AM, Info: Verifying assembly C:\Users\gschellhas\Desktop\sources\ListTest\RoomListv2\RoomListv2\bin\Debug\RoomListv2.dll
4/7/2019 8:11:14 AM, Info: Creating Archive C:\Users\gschellhas\Desktop\sources\ListTest\RoomListv2\RoomListv2\bin\Debug\RoomListv2.cpz...
4/7/2019 8:11:14 AM, Info: Saving project information...
4/7/2019 8:12:16 AM, Info: Validating assembly C:\Users\gschellhas\Desktop\sources\ListTest\RoomListv2\RoomListv2\bin\Debug\RoomListv2.dll...
4/7/2019 8:12:16 AM, Info: Verifying assembly C:\Users\gschellhas\Desktop\sources\ListTest\RoomListv2\RoomListv2\bin\Debug\RoomListv2.dll
4/7/2019 8:12:16 AM, Info: Creating Archive C:\Users\gschellhas\Desktop\sources\ListTest\RoomListv2\RoomListv2\bin\Debug\RoomListv2.cpz...
4/7/2019 8:12:16 AM, Info: Saving project information...
4/7/2019 6:12:36 PM, Info: Saving project information...
4/7/2019 6:12:36 PM, Info: Saving project information...
4/7/2019 6:12:36 PM, Info: Saving project information...
4/7/2019 6:17:36 PM, Info: Saving project information...
4/7/2019 6:17:36 PM, Info: Saving project information...
4/7/2019 6:17:36 PM, Info: Saving project information...
4/7/2019 6:21:39 PM, Info: Saving project information...
4/7/2019 6:21:39 PM, Info: Saving project information...
4/7/2019 6:21:39 PM, Info: Saving project information...
4/7/2019 6:21:39 PM, Info: Saving project information...
4/7/2019 6:21:39 PM, Info: Saving project information...
4/7/2019 6:21:39 PM, Info: Saving project information...
4/7/2019 6:21:41 PM, Info: Validating assembly C:\Users\gschellhas\Desktop\sources\ListTest\RoomListv2\RoomListv2\bin\Debug\RoomListv2.dll...
4/7/2019 6:21:41 PM, Info: Verifying assembly C:\Users\gschellhas\Desktop\sources\ListTest\RoomListv2\RoomListv2\bin\Debug\RoomListv2.dll
4/7/2019 6:21:41 PM, Info: Creating Archive C:\Users\gschellhas\Desktop\sources\ListTest\RoomListv2\RoomListv2\bin\Debug\RoomListv2.cpz...
4/7/2019 6:21:42 PM, Info: Saving project information...
4/7/2019 6:29:34 PM, Info: Terminating SIMPLSharp Services
