4/8/2019 8:59:43 AM, Info: Initializing SIMPLSharp Services...
4/8/2019 8:59:43 AM, Info: ProjectInfo successfully initialized.
4/8/2019 9:04:40 AM, Info: Saving project information...
4/8/2019 9:04:40 AM, Info: Saving project information...
4/8/2019 9:04:40 AM, Info: Saving project information...
4/8/2019 9:09:40 AM, Info: Saving project information...
4/8/2019 9:09:40 AM, Info: Saving project information...
4/8/2019 9:09:40 AM, Info: Saving project information...
4/8/2019 9:14:40 AM, Info: Saving project information...
4/8/2019 9:14:40 AM, Info: Saving project information...
4/8/2019 9:14:40 AM, Info: Saving project information...
4/8/2019 9:19:40 AM, Info: Saving project information...
4/8/2019 9:19:40 AM, Info: Saving project information...
4/8/2019 9:19:40 AM, Info: Saving project information...
4/8/2019 9:24:40 AM, Info: Saving project information...
4/8/2019 9:24:40 AM, Info: Saving project information...
4/8/2019 9:24:40 AM, Info: Saving project information...
4/8/2019 9:27:56 AM, Info: Saving project information...
4/8/2019 9:27:56 AM, Info: Saving project information...
4/8/2019 9:27:56 AM, Info: Saving project information...
4/8/2019 9:27:56 AM, Info: Saving project information...
4/8/2019 9:27:56 AM, Info: Saving project information...
4/8/2019 9:27:56 AM, Info: Saving project information...
4/8/2019 9:27:58 AM, Info: Validating assembly C:\Users\gschellhas\Desktop\sources\ListTest\RoomListv2\RoomListv2\bin\Debug\RoomListv2.dll...
4/8/2019 9:27:59 AM, Info: Verifying assembly C:\Users\gschellhas\Desktop\sources\ListTest\RoomListv2\RoomListv2\bin\Debug\RoomListv2.dll
4/8/2019 9:27:59 AM, Info: Creating Archive C:\Users\gschellhas\Desktop\sources\ListTest\RoomListv2\RoomListv2\bin\Debug\RoomListv2.cpz...
4/8/2019 9:27:59 AM, Info: Saving project information...
4/8/2019 9:53:36 AM, Info: Validating assembly C:\Users\gschellhas\Desktop\sources\ListTest\RoomListv2\RoomListv2\bin\Debug\RoomListv2.dll...
4/8/2019 9:53:36 AM, Info: Verifying assembly C:\Users\gschellhas\Desktop\sources\ListTest\RoomListv2\RoomListv2\bin\Debug\RoomListv2.dll
4/8/2019 9:53:36 AM, Info: Creating Archive C:\Users\gschellhas\Desktop\sources\ListTest\RoomListv2\RoomListv2\bin\Debug\RoomListv2.cpz...
4/8/2019 9:53:36 AM, Info: Saving project information...
4/8/2019 9:58:57 AM, Info: Validating assembly C:\Users\gschellhas\Desktop\sources\ListTest\RoomListv2\RoomListv2\bin\Debug\RoomListv2.dll...
4/8/2019 9:58:58 AM, Info: Verifying assembly C:\Users\gschellhas\Desktop\sources\ListTest\RoomListv2\RoomListv2\bin\Debug\RoomListv2.dll
4/8/2019 9:58:58 AM, Info: Creating Archive C:\Users\gschellhas\Desktop\sources\ListTest\RoomListv2\RoomListv2\bin\Debug\RoomListv2.cpz...
4/8/2019 9:58:58 AM, Info: Saving project information...
4/8/2019 10:06:21 AM, Info: Validating assembly C:\Users\gschellhas\Desktop\sources\ListTest\RoomListv2\RoomListv2\bin\Debug\RoomListv2.dll...
4/8/2019 10:06:21 AM, Info: Verifying assembly C:\Users\gschellhas\Desktop\sources\ListTest\RoomListv2\RoomListv2\bin\Debug\RoomListv2.dll
4/8/2019 10:06:21 AM, Info: Creating Archive C:\Users\gschellhas\Desktop\sources\ListTest\RoomListv2\RoomListv2\bin\Debug\RoomListv2.cpz...
4/8/2019 10:06:22 AM, Info: Saving project information...
4/8/2019 10:11:32 AM, Info: Validating assembly C:\Users\gschellhas\Desktop\sources\ListTest\RoomListv2\RoomListv2\bin\Debug\RoomListv2.dll...
4/8/2019 10:11:33 AM, Info: Verifying assembly C:\Users\gschellhas\Desktop\sources\ListTest\RoomListv2\RoomListv2\bin\Debug\RoomListv2.dll
4/8/2019 10:11:33 AM, Info: Creating Archive C:\Users\gschellhas\Desktop\sources\ListTest\RoomListv2\RoomListv2\bin\Debug\RoomListv2.cpz...
4/8/2019 10:11:33 AM, Info: Saving project information...
4/8/2019 10:21:39 AM, Info: Terminating SIMPLSharp Services
